<?xml version="1.0" encoding="UTF-8"?>
<!-- Generated by org.testng.reporters.JUnitXMLReporter -->
<testsuite ignored="0" hostname="TYSS-Chandana" failures="0" tests="2" name="Default test" time="31.602" errors="0" timestamp="2023-01-03T11:38:08 IST">
  <testcase classname="com.purplle.EndToEndTests.TC_Purplle_003" name="addProductToCart_Test" time="13.706"/>
  <testcase classname="com.purplle.EndToEndTests.TC_Purplle_003" name="addProductToCart_Test" time="10.354"/>
</testsuite> <!-- Default test -->
