<?xml version="1.0" encoding="UTF-8"?>
<testng-results ignored="0" total="2" passed="2" failed="0" skipped="0">
  <reporter-output>
    <line>
      <![CDATA[Purplle web application]]>
    </line>
    <line>
      <![CDATA[Browser Launched successfully]]>
    </line>
    <line>
      <![CDATA[Window is maximized successfully]]>
    </line>
    <line>
      <![CDATA[browser closed successfully]]>
    </line>
    <line>
      <![CDATA[report generated]]>
    </line>
  </reporter-output>
  <suite started-at="2023-01-03T11:37:36 IST" name="Default suite" finished-at="2023-01-03T11:38:08 IST" duration-ms="31602">
    <groups>
    </groups>
    <test started-at="2023-01-03T11:37:36 IST" name="Default test" finished-at="2023-01-03T11:38:08 IST" duration-ms="31602">
      <class name="com.purplle.EndToEndTests.TC_Purplle_003">
        <test-method is-config="true" signature="ProjectDocuments()[pri:0, instance:com.purplle.EndToEndTests.TC_Purplle_003@7ae0a9ec]" started-at="2023-01-03T11:37:36 IST" name="ProjectDocuments" finished-at="2023-01-03T11:37:36 IST" duration-ms="6" status="PASS">
          <reporter-output>
            <line>
              <![CDATA[Purplle web application]]>
            </line>
          </reporter-output>
        </test-method> <!-- ProjectDocuments -->
        <test-method is-config="true" signature="launchTheBrowser()[pri:0, instance:com.purplle.EndToEndTests.TC_Purplle_003@7ae0a9ec]" started-at="2023-01-03T11:37:37 IST" name="launchTheBrowser" finished-at="2023-01-03T11:37:37 IST" duration-ms="396" status="PASS">
          <reporter-output>
            <line>
              <![CDATA[Browser Launched successfully]]>
            </line>
          </reporter-output>
        </test-method> <!-- launchTheBrowser -->
        <test-method is-config="true" signature="maximizeWindow()[pri:0, instance:com.purplle.EndToEndTests.TC_Purplle_003@7ae0a9ec]" started-at="2023-01-03T11:37:37 IST" name="maximizeWindow" finished-at="2023-01-03T11:37:38 IST" duration-ms="1340" status="PASS">
          <reporter-output>
            <line>
              <![CDATA[Window is maximized successfully]]>
            </line>
          </reporter-output>
        </test-method> <!-- maximizeWindow -->
        <test-method is-config="true" signature="beforeMethod()[pri:0, instance:com.purplle.EndToEndTests.TC_Purplle_003@7ae0a9ec]" started-at="2023-01-03T11:37:39 IST" name="beforeMethod" finished-at="2023-01-03T11:37:42 IST" duration-ms="3410" status="PASS">
          <reporter-output>
          </reporter-output>
        </test-method> <!-- beforeMethod -->
        <test-method signature="addProductToCart_Test(java.lang.String,java.lang.String,java.lang.String,java.lang.String,java.lang.String)[pri:0, instance:com.purplle.EndToEndTests.TC_Purplle_003@7ae0a9ec]" started-at="2023-01-03T11:37:42 IST" name="addProductToCart_Test" data-provider="ReadVariant1" finished-at="2023-01-03T11:37:56 IST" duration-ms="13706" status="PASS">
          <params>
            <param index="0">
              <value>
                <![CDATA[BRANDS]]>
              </value>
            </param>
            <param index="1">
              <value>
                <![CDATA[featured]]>
              </value>
            </param>
            <param index="2">
              <value>
                <![CDATA[https://www.purplle.com/brand/loreal]]>
              </value>
            </param>
            <param index="3">
              <value>
                <![CDATA[Hair Color]]>
              </value>
            </param>
            <param index="4">
              <value>
                <![CDATA[Natural Brown/Natural Dark Bro]]>
              </value>
            </param>
          </params>
          <reporter-output>
          </reporter-output>
        </test-method> <!-- addProductToCart_Test -->
        <test-method is-config="true" signature="afterMethod()[pri:0, instance:com.purplle.EndToEndTests.TC_Purplle_003@7ae0a9ec]" started-at="2023-01-03T11:37:56 IST" name="afterMethod" finished-at="2023-01-03T11:37:56 IST" duration-ms="1" status="PASS">
          <reporter-output>
          </reporter-output>
        </test-method> <!-- afterMethod -->
        <test-method is-config="true" signature="beforeMethod()[pri:0, instance:com.purplle.EndToEndTests.TC_Purplle_003@7ae0a9ec]" started-at="2023-01-03T11:37:56 IST" name="beforeMethod" finished-at="2023-01-03T11:37:57 IST" duration-ms="1522" status="PASS">
          <reporter-output>
          </reporter-output>
        </test-method> <!-- beforeMethod -->
        <test-method signature="addProductToCart_Test(java.lang.String,java.lang.String,java.lang.String,java.lang.String,java.lang.String)[pri:0, instance:com.purplle.EndToEndTests.TC_Purplle_003@7ae0a9ec]" started-at="2023-01-03T11:37:57 IST" name="addProductToCart_Test" data-provider="ReadVariant1" finished-at="2023-01-03T11:38:08 IST" duration-ms="10354" status="PASS">
          <params>
            <param index="0">
              <value>
                <![CDATA[BRANDS]]>
              </value>
            </param>
            <param index="1">
              <value>
                <![CDATA[featured]]>
              </value>
            </param>
            <param index="2">
              <value>
                <![CDATA[https://www.purplle.com/brand/loreal]]>
              </value>
            </param>
            <param index="3">
              <value>
                <![CDATA[Hair Color]]>
              </value>
            </param>
            <param index="4">
              <value>
                <![CDATA[Natural Brown/Natural Dark Bro]]>
              </value>
            </param>
          </params>
          <reporter-output>
          </reporter-output>
        </test-method> <!-- addProductToCart_Test -->
        <test-method is-config="true" signature="afterMethod()[pri:0, instance:com.purplle.EndToEndTests.TC_Purplle_003@7ae0a9ec]" started-at="2023-01-03T11:38:08 IST" name="afterMethod" finished-at="2023-01-03T11:38:08 IST" duration-ms="1" status="PASS">
          <reporter-output>
          </reporter-output>
        </test-method> <!-- afterMethod -->
        <test-method is-config="true" signature="afterClass()[pri:0, instance:com.purplle.EndToEndTests.TC_Purplle_003@7ae0a9ec]" started-at="2023-01-03T11:38:08 IST" name="afterClass" finished-at="2023-01-03T11:38:08 IST" duration-ms="350" status="PASS">
          <reporter-output>
            <line>
              <![CDATA[browser closed successfully]]>
            </line>
          </reporter-output>
        </test-method> <!-- afterClass -->
        <test-method is-config="true" signature="ReportGenerate()[pri:0, instance:com.purplle.EndToEndTests.TC_Purplle_003@7ae0a9ec]" started-at="2023-01-03T11:38:08 IST" name="ReportGenerate" finished-at="2023-01-03T11:38:08 IST" duration-ms="1" status="PASS">
          <reporter-output>
            <line>
              <![CDATA[report generated]]>
            </line>
          </reporter-output>
        </test-method> <!-- ReportGenerate -->
      </class> <!-- com.purplle.EndToEndTests.TC_Purplle_003 -->
    </test> <!-- Default test -->
  </suite> <!-- Default suite -->
</testng-results>
